<?xml version="1.0" encoding="UTF-8" ?>
<testsuite errors="0" failures="0" hostname="LAPTOP-J356P5R4" name="test.jeu.joueur.JoueurHumainTest" skipped="0" tests="12" time="0.088" timestamp="2020-06-22T11:36:40">
  <properties>
[...]
</properties>
  <testcase classname="test.jeu.joueur.JoueurHumainTest" name="testAppartient" time="0.002" />
  <testcase classname="test.jeu.joueur.JoueurHumainTest" name="testSetListWithNull" time="0.001" />
  <testcase classname="test.jeu.joueur.JoueurHumainTest" name="testAppartientWithNull" time="0.0" />
  <testcase classname="test.jeu.joueur.JoueurHumainTest" name="testEstValideNotRightNBCase" time="0.003" />
  <testcase classname="test.jeu.joueur.JoueurHumainTest" name="testEstValidePionZenNotConnect" time="0.0" />
  <testcase classname="test.jeu.joueur.JoueurHumainTest" name="testEstValideCorrect" time="0.0" />
  <testcase classname="test.jeu.joueur.JoueurHumainTest" name="testSetListSizeUpperThan12" time="0.0" />
  <testcase classname="test.jeu.joueur.JoueurHumainTest" name="testGetNom" time="0.0" />
  <testcase classname="test.jeu.joueur.JoueurHumainTest" name="testJoueurWithNull" time="0.0" />
  <testcase classname="test.jeu.joueur.JoueurHumainTest" name="testSetListNormalCase" time="0.0" />
  <testcase classname="test.jeu.joueur.JoueurHumainTest" name="testSetListSizeUnderThan12" time="0.0" />
  <testcase classname="test.jeu.joueur.JoueurHumainTest" name="testEstValideNotStraightLine" time="0.001" />
  <system-out><![CDATA[pas le bon nombre de case
pas le bon nombre de case
pas le bon nombre de case
pas le bon nombre de case
pas le bon nombre de case
pas le bon nombre de case
pas le bon nombre de case
pas le bon nombre de case
pas le bon nombre de case
il n'y pas assez de case
Ce n'est pas une ligne droite
Ce n'est pas une ligne droite
il n'y a pas de pions
Ce n'est pas une ligne droite
]]></system-out>
  <system-err><![CDATA[]]></system-err>
</testsuite>
